<?xml version="1.0" encoding="UTF-8"?>
<testsuite name="net.elodina.xmlavro.ConverterTest" tests="21" skipped="0" failures="0" errors="0" timestamp="2016-10-07T10:22:51" hostname="LH011244" time="1.0">
  <properties/>
  <testcase name="array" classname="net.elodina.xmlavro.ConverterTest" time="0.526"/>
  <testcase name="basic" classname="net.elodina.xmlavro.ConverterTest" time="0.021"/>
  <testcase name="attributes" classname="net.elodina.xmlavro.ConverterTest" time="0.01"/>
  <testcase name="rootLongPrimitive" classname="net.elodina.xmlavro.ConverterTest" time="0.007"/>
  <testcase name="optionalElementValues" classname="net.elodina.xmlavro.ConverterTest" time="0.005"/>
  <testcase name="rootDoublePrimitive" classname="net.elodina.xmlavro.ConverterTest" time="0.003"/>
  <testcase name="arrayOfUnboundedChoiceElements" classname="net.elodina.xmlavro.ConverterTest" time="0.001"/>
  <testcase name="rootDateTimePrimitive" classname="net.elodina.xmlavro.ConverterTest" time="0.034"/>
  <testcase name="SchemaBuilder_validName" classname="net.elodina.xmlavro.ConverterTest" time="0.001"/>
  <testcase name="arrayOfChoiceElements" classname="net.elodina.xmlavro.ConverterTest" time="0.028"/>
  <testcase name="nestedRecursiveRecords" classname="net.elodina.xmlavro.ConverterTest" time="0.008"/>
  <testcase name="recordWithWildcardField" classname="net.elodina.xmlavro.ConverterTest" time="0.128"/>
  <testcase name="choiceElements" classname="net.elodina.xmlavro.ConverterTest" time="0.008"/>
  <testcase name="rootUnsignedLongShouldBeKeptAsAvroString" classname="net.elodina.xmlavro.ConverterTest" time="0.006"/>
  <testcase name="arrayFromComplexTypeChoiceElements" classname="net.elodina.xmlavro.ConverterTest" time="0.146"/>
  <testcase name="arrayFromComplexTypeSequenceOfChoiceElements" classname="net.elodina.xmlavro.ConverterTest" time="0.018"/>
  <testcase name="rootIntPrimitive" classname="net.elodina.xmlavro.ConverterTest" time="0.008"/>
  <testcase name="severalRoots" classname="net.elodina.xmlavro.ConverterTest" time="0.012"/>
  <testcase name="rootRecord" classname="net.elodina.xmlavro.ConverterTest" time="0.006"/>
  <testcase name="uniqueFieldNames" classname="net.elodina.xmlavro.ConverterTest" time="0.008"/>
  <testcase name="severalWildcards" classname="net.elodina.xmlavro.ConverterTest" time="0.006"/>
  <system-out><![CDATA[]]></system-out>
  <system-err><![CDATA[]]></system-err>
</testsuite>
